<?xml version="1.0" encoding="UTF-8"?>
<!-- Generated by org.testng.reporters.JUnitReportReporter -->
<testsuite hostname="HARSHPatel" failures="0" tests="5" name="com.qa.opencart.tests.AccountsPageTest" time="0.618" errors="0" timestamp="2021-08-15T18:09:59 GMT-04:00" skipped="0">
  <testcase classname="com.qa.opencart.tests.AccountsPageTest" name="AccountPageHeaderTest" time="0.166"/>
  <system-out/>
  <testcase classname="com.qa.opencart.tests.AccountsPageTest" name="AccountPageTitleTest" time="0.049"/>
  <system-out/>
  <testcase classname="com.qa.opencart.tests.AccountsPageTest" name="AccountSectionsListTest" time="0.311"/>
  <system-out/>
  <testcase classname="com.qa.opencart.tests.AccountsPageTest" name="LogoutLink" time="0.078"/>
  <system-out/>
  <testcase classname="com.qa.opencart.tests.AccountsPageTest" name="AccountPageUrlTest" time="0.014"/>
  <system-out/>
</testsuite> <!-- com.qa.opencart.tests.AccountsPageTest -->
