<?xml version="1.0" encoding="UTF-8"?>
<!-- Generated by org.testng.reporters.JUnitReportReporter -->
<testsuite hostname="HARSHPatel" failures="0" tests="5" name="com.qa.opencart.tests.ProductInfoPageTest" time="24.767" errors="0" timestamp="2021-08-17T12:13:03 GMT-04:00" skipped="0">
  <testcase classname="com.qa.opencart.tests.ProductInfoPageTest" name="productCountTest" time="2.915"/>
  <system-out/>
  <testcase classname="com.qa.opencart.tests.ProductInfoPageTest" name="productInfoTest" time="5.463"/>
  <system-out/>
  <testcase classname="com.qa.opencart.tests.ProductInfoPageTest" name="productImagesTest" time="4.090"/>
  <system-out/>
  <testcase classname="com.qa.opencart.tests.ProductInfoPageTest" name="getProductInfoTest" time="4.700"/>
  <system-out/>
  <testcase classname="com.qa.opencart.tests.ProductInfoPageTest" name="AddtoCartTest" time="7.599"/>
  <system-out/>
</testsuite> <!-- com.qa.opencart.tests.ProductInfoPageTest -->
