<?xml version="1.0" encoding="UTF-8"?>
<!-- Generated by org.testng.reporters.JUnitReportReporter -->
<testsuite hostname="HARSHPatel" failures="0" tests="3" name="com.qa.opencart.tests.CheckOutTest" time="12.528" errors="0" timestamp="2021-08-17T13:44:12 GMT-04:00" skipped="0">
  <testcase classname="com.qa.opencart.tests.CheckOutTest" name="CheckOutClickTest" time="2.018"/>
  <system-out/>
  <testcase classname="com.qa.opencart.tests.CheckOutTest" name="CouponCodeCheckTest" time="2.465"/>
  <system-out/>
  <testcase classname="com.qa.opencart.tests.CheckOutTest" name="shippingAndTaxesTest" time="8.045"/>
  <system-out/>
</testsuite> <!-- com.qa.opencart.tests.CheckOutTest -->
