<?xml version="1.0" encoding="UTF-8"?>
<!-- Generated by org.testng.reporters.JUnitReportReporter -->
<testsuite hostname="HARSHPatel" failures="0" tests="4" name="com.qa.opencart.tests.LoginPageTest" time="5.413" errors="0" timestamp="2021-08-17T12:30:20 GMT-04:00" skipped="0">
  <testcase classname="com.qa.opencart.tests.LoginPageTest" name="loginPageTitletest" time="0.136"/>
  <system-out/>
  <testcase classname="com.qa.opencart.tests.LoginPageTest" name="loginPageUrlTest" time="0.013"/>
  <system-out/>
  <testcase classname="com.qa.opencart.tests.LoginPageTest" name="ForgotPwdLink" time="1.134"/>
  <system-out/>
  <testcase classname="com.qa.opencart.tests.LoginPageTest" name="logintest" time="4.130"/>
  <system-out/>
</testsuite> <!-- com.qa.opencart.tests.LoginPageTest -->
